2024-11-12 18:59:51,140:INFO:cogs.welcome: 입장 로그 전송 완료 - User: krispey4962
2024-11-12 19:00:19,649:INFO:cogs.welcome: 퇴장 로그 전송 완료 - User: krispey4962
2024-11-12 23:34:13,263:INFO:cogs.welcome: 입장 로그 전송 완료 - User: krispey4962
2024-11-12 23:36:49,971:INFO:cogs.welcome: 퇴장 로그 전송 완료 - User: krispey4962
2024-11-12 23:37:22,165:INFO:cogs.welcome: 입장 로그 전송 완료 - User: krispey4962
2024-11-12 23:39:11,190:INFO:cogs.welcome: 퇴장 로그 전송 완료 - User: krispey4962
2024-11-12 23:41:42,899:INFO:cogs.welcome: 퇴장 로그 전송 완료 - User: krispey4962
2024-11-12 23:41:47,067:INFO:cogs.welcome: 입장 로그 전송 완료 - User: krispey4962
2024-11-14 14:42:39,737:INFO:cogs.welcome: 입장 로그 전송 완료 - User: ghostwha1e
2024-11-14 14:44:28,769:INFO:cogs.welcome: 퇴장 로그 전송 완료 - User: ghostwha1e
2024-11-15 02:21:11,897:INFO:cogs.welcome: 입장 로그 전송 완료 - User: baejongyun4881
2024-11-16 02:39:08,928:INFO:cogs.welcome: 입장 로그 전송 완료 - User: 8601062
2024-11-16 02:40:07,146:INFO:cogs.welcome: 퇴장 로그 전송 완료 - User: 8601062
2024-11-16 14:09:12,827:WARNING:cogs.welcome: 로그 채널을 찾을 수 없습니다. Guild: Sea Dogs Tavern
2024-11-17 17:25:36,190:INFO:cogs.welcome: 입장 로그 전송 완료 - User: mtnarodnaya
2024-11-18 18:37:39,835:INFO:cogs.welcome: 퇴장 로그 전송 완료 - User: gettodaze
2024-11-21 00:18:08,363:WARNING:cogs.welcome: 로그 채널을 찾을 수 없습니다. Guild: Sea Dogs Tavern
2024-11-21 14:41:59,860:INFO:cogs.welcome: 입장 로그 전송 완료 - User: bulgasari8839
2024-11-21 14:43:03,478:INFO:cogs.welcome: 퇴장 로그 전송 완료 - User: bulgasari8839
2024-11-22 00:17:54,114:INFO:cogs.welcome: 입장 로그 전송 완료 - User: namoomoo_98872
2024-11-22 00:28:07,179:INFO:cogs.welcome: 입장 로그 전송 완료 - User: hyeon_98.
2024-11-23 15:39:17,412:WARNING:cogs.welcome: 로그 채널을 찾을 수 없습니다. Guild: 사나이 클럽
2024-11-23 22:54:14,624:INFO:cogs.welcome: 입장 로그 전송 완료 - User: xelren.
2024-11-23 22:54:28,094:INFO:cogs.welcome: 퇴장 로그 전송 완료 - User: xelren.
2024-11-24 11:33:04,469:WARNING:cogs.welcome: 로그 채널을 찾을 수 없습니다. Guild: Sea Dogs Tavern
2024-11-25 15:32:16,545:WARNING:cogs.welcome: 로그 채널을 찾을 수 없습니다. Guild: Sea Dogs Tavern
2024-11-25 16:38:24,248:WARNING:cogs.welcome: 로그 채널을 찾을 수 없습니다. Guild: Sea Dogs Tavern
2024-11-27 08:41:26,680:INFO:cogs.welcome: 퇴장 로그 전송 완료 - User: ohseong_dd
2024-11-29 23:03:55,165:INFO:cogs.welcome: 퇴장 로그 전송 완료 - User: w1er4s
2024-11-30 01:11:02,577:INFO:cogs.welcome: 입장 로그 전송 완료 - User: w1er4s
2024-11-30 01:11:50,329:INFO:cogs.welcome: 입장 로그 전송 완료 - User: uiyul0909
2024-11-30 01:33:02,388:WARNING:cogs.welcome: 로그 채널을 찾을 수 없습니다. Guild: 사나이 클럽
2024-11-30 03:02:44,099:INFO:cogs.welcome: 입장 로그 전송 완료 - User: kimdohun0425
2024-11-30 08:16:17,261:INFO:cogs.welcome: 퇴장 로그 전송 완료 - User: blitz3408
2024-11-30 15:17:58,727:INFO:cogs.welcome: 입장 로그 전송 완료 - User: yong._.been
2024-11-30 17:40:39,696:INFO:cogs.welcome: 퇴장 로그 전송 완료 - User: hyeon_98.
2024-11-30 20:31:31,394:WARNING:cogs.welcome: 로그 채널을 찾을 수 없습니다. Guild: Sea Dogs Tavern
2024-12-02 00:45:41,652:INFO:cogs.welcome: 퇴장 로그 전송 완료 - User: eungae5213
